[0.071s] Invoking command in '/home/akerem1427/ros2_ws/build/ur_controllers': AMENT_PREFIX_PATH=/home/akerem1427/ros2_ws/install/ur_dashboard_msgs:${AMENT_PREFIX_PATH} CMAKE_PREFIX_PATH=/home/akerem1427/ros2_ws/install/ur_dashboard_msgs:/home/akerem1427/ros2_ws/install/llm_robot_control:/opt/ros/humble LD_LIBRARY_PATH=/home/akerem1427/ros2_ws/install/ur_dashboard_msgs/lib:${LD_LIBRARY_PATH} PYTHONPATH=/home/akerem1427/ros2_ws/install/ur_dashboard_msgs/local/lib/python3.10/dist-packages:${PYTHONPATH} /usr/bin/cmake /home/akerem1427/ros2_ws/src/Universal_Robots_ROS2_Driver/ur_controllers -DCMAKE_INSTALL_PREFIX=/home/akerem1427/ros2_ws/install/ur_controllers
[0.173s] -- The C compiler identification is GNU 11.4.0
[0.494s] -- The CXX compiler identification is GNU 11.4.0
[0.720s] -- Detecting C compiler ABI info
[0.837s] -- Detecting C compiler ABI info - done
[0.844s] -- Check for working C compiler: /usr/bin/cc - skipped
[0.844s] -- Detecting C compile features
[0.845s] -- Detecting C compile features - done
[0.849s] -- Detecting CXX compiler ABI info
[0.986s] -- Detecting CXX compiler ABI info - done
[0.991s] -- Check for working CXX compiler: /usr/bin/c++ - skipped
[0.991s] -- Detecting CXX compile features
[0.991s] -- Detecting CXX compile features - done
[0.994s] -- Found ament_cmake: 1.3.12 (/opt/ros/humble/share/ament_cmake/cmake)
[1.126s] -- Found Python3: /usr/bin/python3 (found version "3.10.12") found components: Interpreter 
[1.209s] -- Found angles: 1.15.0 (/opt/ros/humble/share/angles/cmake)
[1.213s] -- Found controller_interface: 2.52.2 (/opt/ros/humble/share/controller_interface/cmake)
[1.343s] -- Found rosidl_generator_c: 3.1.7 (/opt/ros/humble/share/rosidl_generator_c/cmake)
[1.347s] -- Found rosidl_adapter: 3.1.7 (/opt/ros/humble/share/rosidl_adapter/cmake)
[1.354s] -- Found rosidl_generator_cpp: 3.1.7 (/opt/ros/humble/share/rosidl_generator_cpp/cmake)
[1.366s] -- Using all available rosidl_typesupport_c: rosidl_typesupport_fastrtps_c;rosidl_typesupport_introspection_c
[1.384s] -- Using all available rosidl_typesupport_cpp: rosidl_typesupport_fastrtps_cpp;rosidl_typesupport_introspection_cpp
[2.434s] -- Found rmw_implementation_cmake: 6.1.2 (/opt/ros/humble/share/rmw_implementation_cmake/cmake)
[2.440s] -- Found rmw_fastrtps_cpp: 6.2.9 (/opt/ros/humble/share/rmw_fastrtps_cpp/cmake)
[2.482s] -- Found TinyXML2 via Config file: TinyXML2_DIR-NOTFOUND
[2.529s] -- Found OpenSSL: /usr/lib/x86_64-linux-gnu/libcrypto.so (found version "3.0.2")  
[2.534s] -- Found TinyXML2 via Config file: TinyXML2_DIR-NOTFOUND
[2.662s] -- Found FastRTPS: /opt/ros/humble/include  
[2.665s] -- Found TinyXML2 via Config file: TinyXML2_DIR-NOTFOUND
[2.675s] -- Found TinyXML2 via Config file: TinyXML2_DIR-NOTFOUND
[2.738s] -- Using RMW implementation 'rmw_fastrtps_cpp' as default
[2.750s] -- Looking for pthread.h
[2.870s] -- Looking for pthread.h - found
[2.870s] -- Performing Test CMAKE_HAVE_LIBC_PTHREAD
[2.991s] -- Performing Test CMAKE_HAVE_LIBC_PTHREAD - Success
[2.994s] -- Found Threads: TRUE  
[3.061s] -- Found joint_trajectory_controller: 2.50.2 (/opt/ros/humble/share/joint_trajectory_controller/cmake)
[3.160s] -- Found std_srvs: 4.9.0 (/opt/ros/humble/share/std_srvs/cmake)
[3.180s] -- Found tf2_geometry_msgs: 0.25.17 (/opt/ros/humble/share/tf2_geometry_msgs/cmake)
[3.218s] -- Found eigen3_cmake_module: 0.1.1 (/opt/ros/humble/share/eigen3_cmake_module/cmake)
[3.219s] -- Found Eigen3: TRUE (found version "3.4.0") 
[3.219s] -- Ensuring Eigen3 include directory is part of orocos-kdl CMake target
[3.307s] -- Found ur_dashboard_msgs: 2.11.0 (/home/akerem1427/ros2_ws/install/ur_dashboard_msgs/share/ur_dashboard_msgs/cmake)
[3.331s] -- Found ur_msgs: 2.3.0 (/opt/ros/humble/share/ur_msgs/cmake)
[3.375s] -- Found ament_cmake_gmock: 1.3.12 (/opt/ros/humble/share/ament_cmake_gmock/cmake)
[3.379s] -- Found controller_manager: 2.52.2 (/opt/ros/humble/share/controller_manager/cmake)
[3.415s] -- Found ros2_control_test_assets: 2.52.2 (/opt/ros/humble/share/ros2_control_test_assets/cmake)
[3.419s] -- Found gmock sources under '/opt/ros/humble/src/gmock_vendor': C++ tests using 'Google Mock' will be built
[3.427s] -- Found ament_cmake_gtest: 1.3.12 (/opt/ros/humble/share/ament_cmake_gtest/cmake)
[3.428s] -- Found gtest sources under '/opt/ros/humble/src/gtest_vendor': C++ tests using 'Google Test' will be built
[3.503s] -- Configuring done
[3.547s] -- Generating done
[3.563s] -- Build files have been written to: /home/akerem1427/ros2_ws/build/ur_controllers
[3.579s] Invoked command in '/home/akerem1427/ros2_ws/build/ur_controllers' returned '0': AMENT_PREFIX_PATH=/home/akerem1427/ros2_ws/install/ur_dashboard_msgs:${AMENT_PREFIX_PATH} CMAKE_PREFIX_PATH=/home/akerem1427/ros2_ws/install/ur_dashboard_msgs:/home/akerem1427/ros2_ws/install/llm_robot_control:/opt/ros/humble LD_LIBRARY_PATH=/home/akerem1427/ros2_ws/install/ur_dashboard_msgs/lib:${LD_LIBRARY_PATH} PYTHONPATH=/home/akerem1427/ros2_ws/install/ur_dashboard_msgs/local/lib/python3.10/dist-packages:${PYTHONPATH} /usr/bin/cmake /home/akerem1427/ros2_ws/src/Universal_Robots_ROS2_Driver/ur_controllers -DCMAKE_INSTALL_PREFIX=/home/akerem1427/ros2_ws/install/ur_controllers
[3.580s] Invoking command in '/home/akerem1427/ros2_ws/build/ur_controllers': AMENT_PREFIX_PATH=/home/akerem1427/ros2_ws/install/ur_dashboard_msgs:${AMENT_PREFIX_PATH} CMAKE_PREFIX_PATH=/home/akerem1427/ros2_ws/install/ur_dashboard_msgs:/home/akerem1427/ros2_ws/install/llm_robot_control:/opt/ros/humble LD_LIBRARY_PATH=/home/akerem1427/ros2_ws/install/ur_dashboard_msgs/lib:${LD_LIBRARY_PATH} PYTHONPATH=/home/akerem1427/ros2_ws/install/ur_dashboard_msgs/local/lib/python3.10/dist-packages:${PYTHONPATH} /usr/bin/cmake --build /home/akerem1427/ros2_ws/build/ur_controllers -- -j8 -l8
[3.637s] [  8%] [34m[1mRunning `/opt/ros/humble/bin/generate_parameter_library_cpp /home/akerem1427/ros2_ws/build/ur_controllers/include/ur_controllers/speed_scaling_state_broadcaster_parameters.hpp /home/akerem1427/ros2_ws/src/Universal_Robots_ROS2_Driver/ur_controllers/src/speed_scaling_state_broadcaster_parameters.yaml `[0m
[3.637s] [  8%] [34m[1mRunning `/opt/ros/humble/bin/generate_parameter_library_cpp /home/akerem1427/ros2_ws/build/ur_controllers/include/ur_controllers/gpio_controller_parameters.hpp /home/akerem1427/ros2_ws/src/Universal_Robots_ROS2_Driver/ur_controllers/src/gpio_controller_parameters.yaml `[0m
[3.637s] [  8%] [34m[1mRunning `/opt/ros/humble/bin/generate_parameter_library_cpp /home/akerem1427/ros2_ws/build/ur_controllers/include/ur_controllers/tool_contact_controller_parameters.hpp /home/akerem1427/ros2_ws/src/Universal_Robots_ROS2_Driver/ur_controllers/src/tool_contact_controller_parameters.yaml `[0m
[3.637s] [ 11%] [34m[1mRunning `/opt/ros/humble/bin/generate_parameter_library_cpp /home/akerem1427/ros2_ws/build/ur_controllers/include/ur_controllers/passthrough_trajectory_controller_parameters.hpp /home/akerem1427/ros2_ws/src/Universal_Robots_ROS2_Driver/ur_controllers/src/passthrough_trajectory_controller_parameters.yaml `[0m
[3.637s] [ 14%] [34m[1mRunning `/opt/ros/humble/bin/generate_parameter_library_cpp /home/akerem1427/ros2_ws/build/ur_controllers/include/ur_controllers/freedrive_mode_controller_parameters.hpp /home/akerem1427/ros2_ws/src/Universal_Robots_ROS2_Driver/ur_controllers/src/freedrive_mode_controller_parameters.yaml `[0m
[3.637s] [ 17%] [34m[1mRunning `/opt/ros/humble/bin/generate_parameter_library_cpp /home/akerem1427/ros2_ws/build/ur_controllers/include/ur_controllers/scaled_joint_trajectory_controller_parameters.hpp /home/akerem1427/ros2_ws/src/Universal_Robots_ROS2_Driver/ur_controllers/src/scaled_joint_trajectory_controller_parameters.yaml `[0m
[3.641s] [ 20%] [34m[1mRunning `/opt/ros/humble/bin/generate_parameter_library_cpp /home/akerem1427/ros2_ws/build/ur_controllers/include/ur_controllers/force_mode_controller_parameters.hpp /home/akerem1427/ros2_ws/src/Universal_Robots_ROS2_Driver/ur_controllers/src/force_mode_controller_parameters.yaml `[0m
[3.642s] [ 23%] [34m[1mRunning `/opt/ros/humble/bin/generate_parameter_library_cpp /home/akerem1427/ros2_ws/build/ur_controllers/include/ur_controllers/ur_configuration_controller_parameters.hpp /home/akerem1427/ros2_ws/src/Universal_Robots_ROS2_Driver/ur_controllers/src/ur_configuration_controller_parameters.yaml `[0m
[3.928s] [ 26%] [34m[1mCreating deprecated header file /home/akerem1427/ros2_ws/build/ur_controllers/include/gpio_controller_parameters.hpp[0m
[3.931s] [ 29%] [34m[1mCreating deprecated header file /home/akerem1427/ros2_ws/build/ur_controllers/include/scaled_joint_trajectory_controller_parameters.hpp[0m
[3.931s] [ 32%] [34m[1mCreating deprecated header file /home/akerem1427/ros2_ws/build/ur_controllers/include/force_mode_controller_parameters.hpp[0m
[3.933s] [ 35%] [34m[1mCreating deprecated header file /home/akerem1427/ros2_ws/build/ur_controllers/include/ur_configuration_controller_parameters.hpp[0m
[3.943s] [ 38%] [34m[1mCreating deprecated header file /home/akerem1427/ros2_ws/build/ur_controllers/include/speed_scaling_state_broadcaster_parameters.hpp[0m
[3.955s] [ 38%] Built target ur_configuration_controller_parameters
[3.956s] [ 38%] Built target gpio_controller_parameters
[3.960s] [ 38%] Built target force_mode_controller_parameters
[3.962s] [ 38%] Built target scaled_joint_trajectory_controller_parameters
[3.977s] [ 38%] Built target speed_scaling_state_broadcaster_parameters
[3.985s] [ 41%] [34m[1mCreating deprecated header file /home/akerem1427/ros2_ws/build/ur_controllers/include/tool_contact_controller_parameters.hpp[0m
[3.986s] [ 44%] [32mBuilding CXX object gmock/CMakeFiles/gmock_main.dir/src/gmock_main.cc.o[0m
[3.991s] [ 47%] [32mBuilding CXX object gmock/CMakeFiles/gmock.dir/opt/ros/humble/src/gtest_vendor/src/gtest-all.cc.o[0m
[3.992s] [ 50%] [32mBuilding CXX object gmock/CMakeFiles/gmock.dir/src/gmock-all.cc.o[0m
[3.999s] [ 52%] [34m[1mCreating deprecated header file /home/akerem1427/ros2_ws/build/ur_controllers/include/passthrough_trajectory_controller_parameters.hpp[0m
[4.010s] [ 52%] Built target tool_contact_controller_parameters
[4.023s] [ 52%] Built target passthrough_trajectory_controller_parameters
[4.034s] [ 55%] [34m[1mCreating deprecated header file /home/akerem1427/ros2_ws/build/ur_controllers/include/freedrive_mode_controller_parameters.hpp[0m
[4.058s] [ 55%] Built target freedrive_mode_controller_parameters
[4.091s] [ 58%] [32mBuilding CXX object CMakeFiles/ur_controllers.dir/src/force_mode_controller.cpp.o[0m
[4.091s] [ 64%] [32mBuilding CXX object CMakeFiles/ur_controllers.dir/src/freedrive_mode_controller.cpp.o[0m
[4.091s] [ 64%] [32mBuilding CXX object CMakeFiles/ur_controllers.dir/src/speed_scaling_state_broadcaster.cpp.o[0m
[4.091s] [ 67%] [32mBuilding CXX object CMakeFiles/ur_controllers.dir/src/tool_contact_controller.cpp.o[0m
[4.093s] [ 70%] [32mBuilding CXX object CMakeFiles/ur_controllers.dir/src/scaled_joint_trajectory_controller.cpp.o[0m
[6.091s] [ 73%] [32m[1mLinking CXX static library libgmock_main.a[0m
[6.146s] [ 73%] Built target gmock_main
[6.158s] [ 76%] [32mBuilding CXX object CMakeFiles/ur_controllers.dir/src/gpio_controller.cpp.o[0m
[8.566s] [ 79%] [32mBuilding CXX object CMakeFiles/ur_controllers.dir/src/passthrough_trajectory_controller.cpp.o[0m
[11.598s] [ 82%] [32m[1mLinking CXX static library libgmock.a[0m
[11.753s] [ 82%] Built target gmock
[11.800s] [ 85%] [32mBuilding CXX object CMakeFiles/ur_controllers.dir/src/ur_configuration_controller.cpp.o[0m
[22.469s] [ 88%] [32m[1mLinking CXX shared library libur_controllers.so[0m
[24.750s] [ 88%] Built target ur_controllers
[24.773s] [ 94%] [32mBuilding CXX object CMakeFiles/test_load_freedrive_mode_controller.dir/test/test_load_freedrive_mode_controller.cpp.o[0m
[24.773s] [ 94%] [32mBuilding CXX object CMakeFiles/test_load_force_mode_controller.dir/test/test_load_force_mode_controller.cpp.o[0m
[28.199s] gmake[2]: *** [CMakeFiles/test_load_freedrive_mode_controller.dir/build.make:76: CMakeFiles/test_load_freedrive_mode_controller.dir/test/test_load_freedrive_mode_controller.cpp.o] Interrupt
[28.199s] gmake[2]: *** [CMakeFiles/test_load_force_mode_controller.dir/build.make:76: CMakeFiles/test_load_force_mode_controller.dir/test/test_load_force_mode_controller.cpp.o] Interrupt
[28.200s] gmake[1]: *** [CMakeFiles/Makefile2:481: CMakeFiles/test_load_freedrive_mode_controller.dir/all] Interrupt
[28.200s] gmake[1]: *** [CMakeFiles/Makefile2:445: CMakeFiles/test_load_force_mode_controller.dir/all] Interrupt
[28.200s] gmake: *** [Makefile:146: all] Interrupt
[28.217s] Invoked command in '/home/akerem1427/ros2_ws/build/ur_controllers' returned '-2': AMENT_PREFIX_PATH=/home/akerem1427/ros2_ws/install/ur_dashboard_msgs:${AMENT_PREFIX_PATH} CMAKE_PREFIX_PATH=/home/akerem1427/ros2_ws/install/ur_dashboard_msgs:/home/akerem1427/ros2_ws/install/llm_robot_control:/opt/ros/humble LD_LIBRARY_PATH=/home/akerem1427/ros2_ws/install/ur_dashboard_msgs/lib:${LD_LIBRARY_PATH} PYTHONPATH=/home/akerem1427/ros2_ws/install/ur_dashboard_msgs/local/lib/python3.10/dist-packages:${PYTHONPATH} /usr/bin/cmake --build /home/akerem1427/ros2_ws/build/ur_controllers -- -j8 -l8
